2026-03-03 10:45:33,410 - INFO - USER[c4e92afa-13bb-4bff-b7f4-f10529380371/admin3641@instaura.live] - ACTION[LOGIN_SUCCESS] - RESOURCE[user/c4e92afa-13bb-4bff-b7f4-f10529380371] - DETAIL[]
2026-03-03 10:46:17,276 - INFO - USER[c4e92afa-13bb-4bff-b7f4-f10529380371/admin3641@instaura.live] - ACTION[LOGIN_SUCCESS] - RESOURCE[user/c4e92afa-13bb-4bff-b7f4-f10529380371] - DETAIL[]
2026-03-03 10:46:22,369 - INFO - USER[c4e92afa-13bb-4bff-b7f4-f10529380371/admin3641@instaura.live] - ACTION[CREATE] - RESOURCE[project/9bfdae1f-d7a8-4c91-b593-958c0c89e077] - DETAIL[Created project: Test Automated Project]
2026-03-03 10:46:22,442 - INFO - USER[c4e92afa-13bb-4bff-b7f4-f10529380371/admin3641@instaura.live] - ACTION[CREATE] - RESOURCE[task/2913f55d-3bc2-4991-b755-4e5d76cc7f73] - DETAIL[Created task: Automated Test Task]
2026-03-03 10:47:20,130 - INFO - USER[c4e92afa-13bb-4bff-b7f4-f10529380371/admin3641@instaura.live] - ACTION[LOGIN_SUCCESS] - RESOURCE[user/c4e92afa-13bb-4bff-b7f4-f10529380371] - DETAIL[]
2026-03-03 10:47:20,220 - INFO - USER[c4e92afa-13bb-4bff-b7f4-f10529380371/admin3641@instaura.live] - ACTION[CREATE] - RESOURCE[project/4a2f2fe2-aea3-4932-9247-8417a244fbb0] - DETAIL[Created project: Test Automated Project]
2026-03-03 10:47:20,281 - INFO - USER[c4e92afa-13bb-4bff-b7f4-f10529380371/admin3641@instaura.live] - ACTION[CREATE] - RESOURCE[task/55349618-0e75-42ce-bceb-440beec559e0] - DETAIL[Created task: Automated Test Task]
2026-03-03 10:48:37,737 - INFO - USER[c4e92afa-13bb-4bff-b7f4-f10529380371/admin3641@instaura.live] - ACTION[LOGIN_SUCCESS] - RESOURCE[user/c4e92afa-13bb-4bff-b7f4-f10529380371] - DETAIL[]
2026-03-03 10:50:37,684 - INFO - USER[c4e92afa-13bb-4bff-b7f4-f10529380371/admin3641@instaura.live] - ACTION[CREATE] - RESOURCE[job/fc20c80f-54fe-472c-8cc9-c5d164309c2e] - DETAIL[Created job: drgdf]
2026-03-03 10:51:17,663 - INFO - USER[c4e92afa-13bb-4bff-b7f4-f10529380371/admin3641@instaura.live] - ACTION[CREATE] - RESOURCE[project/b36b0306-ef4f-4f9f-b46f-f4b5a6afafc6] - DETAIL[Created project: gdfg]
2026-03-03 11:16:20,762 - INFO - USER[c4e92afa-13bb-4bff-b7f4-f10529380371/admin3641@instaura.live] - ACTION[LOGIN_SUCCESS] - RESOURCE[user/c4e92afa-13bb-4bff-b7f4-f10529380371] - DETAIL[]
2026-03-03 14:46:40,481 - INFO - USER[d44ea610-bb22-4fec-a384-490ee79e0a19/princegupta3641@gmail.com] - ACTION[REGISTER_SUCCESS] - RESOURCE[user/d44ea610-bb22-4fec-a384-490ee79e0a19] - DETAIL[]
2026-03-03 14:48:46,834 - INFO - USER[c4e92afa-13bb-4bff-b7f4-f10529380371/admin3641@instaura.live] - ACTION[LOGIN_SUCCESS] - RESOURCE[user/c4e92afa-13bb-4bff-b7f4-f10529380371] - DETAIL[]
2026-03-03 14:57:32,483 - INFO - USER[c4e92afa-13bb-4bff-b7f4-f10529380371/admin3641@instaura.live] - ACTION[LOGIN_SUCCESS] - RESOURCE[user/c4e92afa-13bb-4bff-b7f4-f10529380371] - DETAIL[]
2026-03-03 15:43:49,582 - INFO - USER[c4e92afa-13bb-4bff-b7f4-f10529380371/admin3641@instaura.live] - ACTION[LOGIN_SUCCESS] - RESOURCE[user/c4e92afa-13bb-4bff-b7f4-f10529380371] - DETAIL[]
2026-03-03 15:43:50,075 - INFO - USER[b38cfd2c-d55c-4001-ac87-1479a9ec0e0d/rahul.sharma@instaura.live] - ACTION[REGISTER_SUCCESS] - RESOURCE[user/b38cfd2c-d55c-4001-ac87-1479a9ec0e0d] - DETAIL[]
2026-03-03 15:43:50,587 - INFO - USER[1172e143-88b0-4efa-b513-e34591a36adb/priya.patel@instaura.live] - ACTION[REGISTER_SUCCESS] - RESOURCE[user/1172e143-88b0-4efa-b513-e34591a36adb] - DETAIL[]
2026-03-03 15:43:50,976 - INFO - USER[dc48b992-d2bc-4d76-b789-fb0ea0a475e3/arjun.singh@instaura.live] - ACTION[REGISTER_SUCCESS] - RESOURCE[user/dc48b992-d2bc-4d76-b789-fb0ea0a475e3] - DETAIL[]
2026-03-03 15:43:51,385 - INFO - USER[0d143292-7afe-4036-b46a-aa8087da288f/sneha.mehta@instaura.live] - ACTION[REGISTER_SUCCESS] - RESOURCE[user/0d143292-7afe-4036-b46a-aa8087da288f] - DETAIL[]
2026-03-03 15:43:51,873 - INFO - USER[a22f12b0-0e12-488d-91b0-d6b3d973cd25/vikram.joshi@instaura.live] - ACTION[REGISTER_SUCCESS] - RESOURCE[user/a22f12b0-0e12-488d-91b0-d6b3d973cd25] - DETAIL[]
2026-03-05 01:15:33,488 - INFO - USER[c4e92afa-13bb-4bff-b7f4-f10529380371/admin3641@instaura.live] - ACTION[LOGIN_SUCCESS] - RESOURCE[user/c4e92afa-13bb-4bff-b7f4-f10529380371] - DETAIL[]
2026-03-05 01:15:34,694 - INFO - USER[c4e92afa-13bb-4bff-b7f4-f10529380371/admin3641@instaura.live] - ACTION[CREATE] - RESOURCE[project/b5d61b8c-930f-4a2f-ad9d-ae595f4a9589] - DETAIL[Created project: Instaura Website Redesign]
2026-03-05 01:15:34,811 - INFO - USER[c4e92afa-13bb-4bff-b7f4-f10529380371/admin3641@instaura.live] - ACTION[CREATE] - RESOURCE[project/45110ec6-1a20-4747-b537-3ecd2142e65f] - DETAIL[Created project: Mobile App Development]
2026-03-05 01:15:34,856 - INFO - USER[c4e92afa-13bb-4bff-b7f4-f10529380371/admin3641@instaura.live] - ACTION[CREATE] - RESOURCE[project/542e7fa7-289b-44fa-9707-a737b4aa3c90] - DETAIL[Created project: HRMS Integration]
2026-03-05 01:15:34,895 - INFO - USER[c4e92afa-13bb-4bff-b7f4-f10529380371/admin3641@instaura.live] - ACTION[CREATE] - RESOURCE[project/ed86b035-6b85-42a2-b8dd-b67a36b981e9] - DETAIL[Created project: Analytics Dashboard v2]
2026-03-05 01:15:34,938 - INFO - USER[c4e92afa-13bb-4bff-b7f4-f10529380371/admin3641@instaura.live] - ACTION[CREATE] - RESOURCE[project/424436a8-9708-4036-81f5-63dbe5f48018] - DETAIL[Created project: Security Audit 2025]
2026-03-05 01:15:35,005 - INFO - USER[c4e92afa-13bb-4bff-b7f4-f10529380371/admin3641@instaura.live] - ACTION[CREATE] - RESOURCE[task/68b66e7d-75c1-4754-ab69-2beccf52f3c3] - DETAIL[Created task: Design homepage wireframes]
2026-03-05 01:15:35,291 - INFO - USER[c4e92afa-13bb-4bff-b7f4-f10529380371/admin3641@instaura.live] - ACTION[CREATE] - RESOURCE[task/235b2bd0-b015-40f4-bcca-ba734313cbb3] - DETAIL[Created task: Implement glassmorphic UI]
2026-03-05 01:15:35,504 - INFO - USER[c4e92afa-13bb-4bff-b7f4-f10529380371/admin3641@instaura.live] - ACTION[CREATE] - RESOURCE[task/8d4c6bdf-a567-4216-b8f1-e729e8f8927d] - DETAIL[Created task: SEO audit and optimization]
2026-03-05 01:15:35,567 - INFO - USER[c4e92afa-13bb-4bff-b7f4-f10529380371/admin3641@instaura.live] - ACTION[CREATE] - RESOURCE[task/e41b977a-d5e9-4406-a832-055f27421cbe] - DETAIL[Created task: Write About section content]
2026-03-05 01:15:35,659 - INFO - USER[c4e92afa-13bb-4bff-b7f4-f10529380371/admin3641@instaura.live] - ACTION[CREATE] - RESOURCE[task/37aa1392-76e5-4bb5-96a6-dcd4600b9954] - DETAIL[Created task: Deploy to Vercel production]
2026-03-05 01:15:35,755 - INFO - USER[c4e92afa-13bb-4bff-b7f4-f10529380371/admin3641@instaura.live] - ACTION[CREATE] - RESOURCE[task/1bb19012-de2c-40d6-9478-ef2490517e44] - DETAIL[Created task: Flutter project scaffold]
2026-03-05 01:15:35,802 - INFO - USER[c4e92afa-13bb-4bff-b7f4-f10529380371/admin3641@instaura.live] - ACTION[CREATE] - RESOURCE[task/b83f6948-eb21-4067-aab7-9084ab59e3dc] - DETAIL[Created task: Auth flow (login/register)]
2026-03-05 01:15:35,865 - INFO - USER[c4e92afa-13bb-4bff-b7f4-f10529380371/admin3641@instaura.live] - ACTION[CREATE] - RESOURCE[task/75b1388f-b3a3-414b-b556-15217d926820] - DETAIL[Created task: Dashboard home screen]
2026-03-05 01:15:35,907 - INFO - USER[c4e92afa-13bb-4bff-b7f4-f10529380371/admin3641@instaura.live] - ACTION[CREATE] - RESOURCE[task/c1ccd7a2-d049-42a3-9424-7e4ee9dcd6e6] - DETAIL[Created task: Offline sync with Hive]
2026-03-05 01:15:35,992 - INFO - USER[c4e92afa-13bb-4bff-b7f4-f10529380371/admin3641@instaura.live] - ACTION[CREATE] - RESOURCE[task/7e9a3231-39f9-4e3f-aa7f-f4b4131411c7] - DETAIL[Created task: Unit and integration tests]
2026-03-05 01:15:36,190 - INFO - USER[c4e92afa-13bb-4bff-b7f4-f10529380371/admin3641@instaura.live] - ACTION[CREATE] - RESOURCE[job/4d03eefd-67b9-42c3-bff4-db7da3dc1f7b] - DETAIL[Created job: Senior Flutter Developer]
2026-03-05 01:15:36,335 - INFO - USER[c4e92afa-13bb-4bff-b7f4-f10529380371/admin3641@instaura.live] - ACTION[CREATE] - RESOURCE[job/024ee7c2-9108-4661-8418-4379f68cb297] - DETAIL[Created job: Python Backend Engineer]
2026-03-05 01:15:36,394 - INFO - USER[c4e92afa-13bb-4bff-b7f4-f10529380371/admin3641@instaura.live] - ACTION[CREATE] - RESOURCE[job/8381a99b-9a38-4fe9-964a-55f9f972ac55] - DETAIL[Created job: UI/UX Designer]
2026-03-05 01:15:36,443 - INFO - USER[c4e92afa-13bb-4bff-b7f4-f10529380371/admin3641@instaura.live] - ACTION[CREATE] - RESOURCE[job/3081d04e-09cd-40a8-8bb2-0ab555c1b634] - DETAIL[Created job: DevOps Engineer]
2026-03-05 01:23:30,218 - INFO - USER[c4e92afa-13bb-4bff-b7f4-f10529380371/admin3641@instaura.live] - ACTION[LOGIN_SUCCESS] - RESOURCE[user/c4e92afa-13bb-4bff-b7f4-f10529380371] - DETAIL[]
2026-03-05 01:29:54,783 - INFO - USER[1a1dd70b-1ac9-458f-b4b1-29523a5effaf/prince@gmail.com] - ACTION[REGISTER_SUCCESS] - RESOURCE[user/1a1dd70b-1ac9-458f-b4b1-29523a5effaf] - DETAIL[]
